<?xml version="1.0" encoding="UTF-8"?>
<!-- Generated by org.testng.reporters.JUnitReportReporter -->
<testsuite skipped="0" hostname="Sandeep" name="eDoctorPro.E2EProject.getNavigationBar" tests="1" failures="0" timestamp="2021-06-04T12:07:38 IST" time="3.936" errors="0">
  <testcase name="basePageNavigation" time="3.936" classname="eDoctorPro.E2EProject.getNavigationBar"/>
  <system-out/>
</testsuite> <!-- eDoctorPro.E2EProject.getNavigationBar -->
