<?xml version="1.0" encoding="UTF-8"?>
<!-- Generated by org.testng.reporters.JUnitReportReporter -->
<testsuite skipped="0" hostname="Sandeep" name="eDoctorPro.E2EProject.basepagenavigation" tests="2" failures="0" timestamp="2021-05-30T16:48:45 IST" time="49.589" errors="0">
  <testcase name="HomePage" time="36.384" classname="eDoctorPro.E2EProject.basepagenavigation"/>
  <system-out/>
  <testcase name="HomePage" time="13.205" classname="eDoctorPro.E2EProject.basepagenavigation"/>
  <system-out/>
</testsuite> <!-- eDoctorPro.E2EProject.basepagenavigation -->
