<?xml version="1.0" encoding="UTF-8"?>
<!-- Generated by org.testng.reporters.JUnitReportReporter -->
<testsuite skipped="0" hostname="Sandeep" name="eDoctorPro.E2EProject.getNavigationBar" tests="1" failures="0" timestamp="2021-05-30T16:48:45 IST" time="0.442" errors="0">
  <testcase name="basePageNavigation" time="0.442" classname="eDoctorPro.E2EProject.getNavigationBar"/>
  <system-out/>
</testsuite> <!-- eDoctorPro.E2EProject.getNavigationBar -->
