<?xml version="1.0" encoding="UTF-8"?>
<!-- Generated by org.testng.reporters.JUnitReportReporter -->
<testsuite skipped="0" hostname="Sandeep" name="eDoctorPro.E2EProject.PageTitle" tests="1" failures="0" timestamp="2021-05-30T16:48:45 IST" time="1.484" errors="0">
  <testcase name="gettitle" time="1.484" classname="eDoctorPro.E2EProject.PageTitle"/>
  <system-out/>
</testsuite> <!-- eDoctorPro.E2EProject.PageTitle -->
